# JRE version: Java(TM) SE Runtime Environment (8.0_201-b09) (build 1.8.0_201-b09)
# Java VM: Java HotSpot(TM) 64-Bit Server VM (25.201-b09 mixed mode windows-amd64 compressed oops)
Heap:
 PSYoungGen      total 24576K, used 7651K [0x00000000d6300000, 0x00000000d7c00000, 0x0000000100000000)
  eden space 24064K, 30% used [0x00000000d6300000,0x00000000d6a30e08,0x00000000d7a80000)
  from space 512K, 56% used [0x00000000d7b00000,0x00000000d7b48000,0x00000000d7b80000)
  to   space 512K, 0% used [0x00000000d7b80000,0x00000000d7b80000,0x00000000d7c00000)
 ParOldGen       total 86016K, used 1753K [0x0000000082800000, 0x0000000087c00000, 0x00000000d6300000)
  object space 86016K, 2% used [0x0000000082800000,0x00000000829b6600,0x0000000087c00000)
 Metaspace       used 9752K, capacity 9994K, committed 10240K, reserved 1058816K
  class space    used 798K, capacity 913K, committed 1024K, reserved 1048576K
GC Heap History (10 events):
Event: 4406.484 GC heap before
{Heap before GC invocations=217 (full 0):
 PSYoungGen      total 24576K, used 24320K [0x00000000d6300000, 0x00000000d7c00000, 0x0000000100000000)
  eden space 24064K, 100% used [0x00000000d6300000,0x00000000d7a80000,0x00000000d7a80000)
  from space 512K, 50% used [0x00000000d7b80000,0x00000000d7bc0000,0x00000000d7c00000)
  to   space 512K, 0% used [0x00000000d7b00000,0x00000000d7b00000,0x00000000d7b80000)
 ParOldGen       total 86016K, used 1753K [0x0000000082800000, 0x0000000087c00000, 0x00000000d6300000)
  object space 86016K, 2% used [0x0000000082800000,0x00000000829b6600,0x0000000087c00000)
 Metaspace       used 9752K, capacity 9994K, committed 10240K, reserved 1058816K
  class space    used 798K, capacity 913K, committed 1024K, reserved 1048576K
Event: 4406.489 GC heap after
Heap after GC invocations=217 (full 0):
 PSYoungGen      total 24576K, used 256K [0x00000000d6300000, 0x00000000d7c00000, 0x0000000100000000)
  eden space 24064K, 0% used [0x00000000d6300000,0x00000000d6300000,0x00000000d7a80000)
  from space 512K, 50% used [0x00000000d7b00000,0x00000000d7b40000,0x00000000d7b80000)
  to   space 512K, 0% used [0x00000000d7b80000,0x00000000d7b80000,0x00000000d7c00000)
 ParOldGen       total 86016K, used 1753K [0x0000000082800000, 0x0000000087c00000, 0x00000000d6300000)
  object space 86016K, 2% used [0x0000000082800000,0x00000000829b6600,0x0000000087c00000)
 Metaspace       used 9752K, capacity 9994K, committed 10240K, reserved 1058816K
  class space    used 798K, capacity 913K, committed 1024K, reserved 1048576K
}
Event: 4426.341 GC heap before
{Heap before GC invocations=218 (full 0):
 PSYoungGen      total 24576K, used 24320K [0x00000000d6300000, 0x00000000d7c00000, 0x0000000100000000)
  eden space 24064K, 100% used [0x00000000d6300000,0x00000000d7a80000,0x00000000d7a80000)
  from space 512K, 50% used [0x00000000d7b00000,0x00000000d7b40000,0x00000000d7b80000)
  to   space 512K, 0% used [0x00000000d7b80000,0x00000000d7b80000,0x00000000d7c00000)
 ParOldGen       total 86016K, used 1753K [0x0000000082800000, 0x0000000087c00000, 0x00000000d6300000)
  object space 86016K, 2% used [0x0000000082800000,0x00000000829b6600,0x0000000087c00000)
 Metaspace       used 9752K, capacity 9994K, committed 10240K, reserved 1058816K
  class space    used 798K, capacity 913K, committed 1024K, reserved 1048576K
Event: 4426.349 GC heap after
Heap after GC invocations=218 (full 0):
 PSYoungGen      total 24576K, used 288K [0x00000000d6300000, 0x00000000d7c00000, 0x0000000100000000)
  eden space 24064K, 0% used [0x00000000d6300000,0x00000000d6300000,0x00000000d7a80000)
  from space 512K, 56% used [0x00000000d7b80000,0x00000000d7bc8000,0x00000000d7c00000)
  to   space 512K, 0% used [0x00000000d7b00000,0x00000000d7b00000,0x00000000d7b80000)
 ParOldGen       total 86016K, used 1753K [0x0000000082800000, 0x0000000087c00000, 0x00000000d6300000)
  object space 86016K, 2% used [0x0000000082800000,0x00000000829b6600,0x0000000087c00000)
 Metaspace       used 9752K, capacity 9994K, committed 10240K, reserved 1058816K
  class space    used 798K, capacity 913K, committed 1024K, reserved 1048576K
}
Event: 4449.016 GC heap before
{Heap before GC invocations=219 (full 0):
 PSYoungGen      total 24576K, used 24352K [0x00000000d6300000, 0x00000000d7c00000, 0x0000000100000000)
  eden space 24064K, 100% used [0x00000000d6300000,0x00000000d7a80000,0x00000000d7a80000)
  from space 512K, 56% used [0x00000000d7b80000,0x00000000d7bc8000,0x00000000d7c00000)
  to   space 512K, 0% used [0x00000000d7b00000,0x00000000d7b00000,0x00000000d7b80000)
 ParOldGen       total 86016K, used 1753K [0x0000000082800000, 0x0000000087c00000, 0x00000000d6300000)
  object space 86016K, 2% used [0x0000000082800000,0x00000000829b6600,0x0000000087c00000)
 Metaspace       used 9752K, capacity 9994K, committed 10240K, reserved 1058816K
  class space    used 798K, capacity 913K, committed 1024K, reserved 1048576K
Event: 4449.026 GC heap after
Heap after GC invocations=219 (full 0):
 PSYoungGen      total 24576K, used 288K [0x00000000d6300000, 0x00000000d7c00000, 0x0000000100000000)
  eden space 24064K, 0% used [0x00000000d6300000,0x00000000d6300000,0x00000000d7a80000)
  from space 512K, 56% used [0x00000000d7b00000,0x00000000d7b48000,0x00000000d7b80000)
  to   space 512K, 0% used [0x00000000d7b80000,0x00000000d7b80000,0x00000000d7c00000)
 ParOldGen       total 86016K, used 1753K [0x0000000082800000, 0x0000000087c00000, 0x00000000d6300000)
  object space 86016K, 2% used [0x0000000082800000,0x00000000829b6600,0x0000000087c00000)
 Metaspace       used 9752K, capacity 9994K, committed 10240K, reserved 1058816K
  class space    used 798K, capacity 913K, committed 1024K, reserved 1048576K
}
Event: 4469.062 GC heap before
{Heap before GC invocations=220 (full 0):
 PSYoungGen      total 24576K, used 24352K [0x00000000d6300000, 0x00000000d7c00000, 0x0000000100000000)
  eden space 24064K, 100% used [0x00000000d6300000,0x00000000d7a80000,0x00000000d7a80000)
  from space 512K, 56% used [0x00000000d7b00000,0x00000000d7b48000,0x00000000d7b80000)
  to   space 512K, 0% used [0x00000000d7b80000,0x00000000d7b80000,0x00000000d7c00000)
 ParOldGen       total 86016K, used 1753K [0x0000000082800000, 0x0000000087c00000, 0x00000000d6300000)
  object space 86016K, 2% used [0x0000000082800000,0x00000000829b6600,0x0000000087c00000)
 Metaspace       used 9752K, capacity 9994K, committed 10240K, reserved 1058816K
  class space    used 798K, capacity 913K, committed 1024K, reserved 1048576K
Event: 4469.065 GC heap after
Heap after GC invocations=220 (full 0):
 PSYoungGen      total 24576K, used 320K [0x00000000d6300000, 0x00000000d7c00000, 0x0000000100000000)
  eden space 24064K, 0% used [0x00000000d6300000,0x00000000d6300000,0x00000000d7a80000)
  from space 512K, 62% used [0x00000000d7b80000,0x00000000d7bd0000,0x00000000d7c00000)
  to   space 512K, 0% used [0x00000000d7b00000,0x00000000d7b00000,0x00000000d7b80000)
 ParOldGen       total 86016K, used 1753K [0x0000000082800000, 0x0000000087c00000, 0x00000000d6300000)
  object space 86016K, 2% used [0x0000000082800000,0x00000000829b6600,0x0000000087c00000)
 Metaspace       used 9752K, capacity 9994K, committed 10240K, reserved 1058816K
  class space    used 798K, capacity 913K, committed 1024K, reserved 1048576K
}
Event: 4488.836 GC heap before
{Heap before GC invocations=221 (full 0):
 PSYoungGen      total 24576K, used 24384K [0x00000000d6300000, 0x00000000d7c00000, 0x0000000100000000)
  eden space 24064K, 100% used [0x00000000d6300000,0x00000000d7a80000,0x00000000d7a80000)
  from space 512K, 62% used [0x00000000d7b80000,0x00000000d7bd0000,0x00000000d7c00000)
  to   space 512K, 0% used [0x00000000d7b00000,0x00000000d7b00000,0x00000000d7b80000)
 ParOldGen       total 86016K, used 1753K [0x0000000082800000, 0x0000000087c00000, 0x00000000d6300000)
  object space 86016K, 2% used [0x0000000082800000,0x00000000829b6600,0x0000000087c00000)
 Metaspace       used 9752K, capacity 9994K, committed 10240K, reserved 1058816K
  class space    used 798K, capacity 913K, committed 1024K, reserved 1048576K
Event: 4488.841 GC heap after
Heap after GC invocations=221 (full 0):
 PSYoungGen      total 24576K, used 288K [0x00000000d6300000, 0x00000000d7c00000, 0x0000000100000000)
  eden space 24064K, 0% used [0x00000000d6300000,0x00000000d6300000,0x00000000d7a80000)
  from space 512K, 56% used [0x00000000d7b00000,0x00000000d7b48000,0x00000000d7b80000)
  to   space 512K, 0% used [0x00000000d7b80000,0x00000000d7b80000,0x00000000d7c00000)
 ParOldGen       total 86016K, used 1753K [0x0000000082800000, 0x0000000087c00000, 0x00000000d6300000)
  object space 86016K, 2% used [0x0000000082800000,0x00000000829b6600,0x0000000087c00000)
 Metaspace       used 9752K, capacity 9994K, committed 10240K, reserved 1058816K
  class space    used 798K, capacity 913K, committed 1024K, reserved 1048576K
}

